{
  "stats": {
    "suites": 1,
    "tests": 1,
    "passes": 0,
    "pending": 0,
    "failures": 1,
    "start": "2025-03-30T10:02:05.347Z",
    "end": "2025-03-30T10:02:26.614Z",
    "duration": 21267,
    "testsRegistered": 1,
    "passPercent": 0,
    "pendingPercent": 0,
    "other": 0,
    "hasOther": false,
    "skipped": 0,
    "hasSkipped": false
  },
  "results": [
    {
      "uuid": "fdd8c79f-4b95-4363-8d35-a7cee54a8b79",
      "title": "",
      "fullFile": "e2e\\CypressBySDET\\Part13-MouseOperators.cy.js",
      "file": "e2e\\CypressBySDET\\Part13-MouseOperators.cy.js",
      "beforeHooks": [],
      "afterHooks": [],
      "tests": [],
      "suites": [
        {
          "uuid": "023da5d8-2f77-4f9c-a456-7a1184b0f57a",
          "title": "Mouse Operator",
          "fullFile": "",
          "file": "",
          "beforeHooks": [],
          "afterHooks": [],
          "tests": [
            {
              "title": "Scrolling",
              "fullTitle": "Mouse Operator Scrolling",
              "timedOut": null,
              "duration": 18747,
              "state": "failed",
              "speed": null,
              "pass": false,
              "fail": true,
              "pending": false,
              "context": null,
              "code": "cy.visit(\"https://www.worldometers.info/geography/flags-of-the-world/\");\n// Scroll to a specific flag (India)\n// CSS Selector (Attribute Selector) - Selecting hyperlink using href attribute\ncy.get(\"a[href='/img/flags/in-flag.gif']\").scrollIntoView({\n  duration: 2000\n}); // Smooth scrolling in 2 sec\ncy.get(\"a[href='/img/flags/in-flag.gif']\").should('be.visible');\n// Scroll up to another flag (Afghanistan)\ncy.get(\"a[href='/img/flags/af-flag.gif']\").scrollIntoView({\n  duration: 5000\n}); // Scroll duration 5 sec\ncy.get(\"a[href='/img/flags/af-flag.gif']\").should('be.visible');\n// Scroll to the bottom of the page (footer section)\n// CSS Selector (Class Selector) - Targeting footer by class\ncy.get(\".footerlinks\").scrollIntoView({\n  duration: 10000\n});",
              "err": {
                "message": "AssertionError: Timed out retrying after 4000ms: Expected to find element: `.footerlinks`, but never found it.",
                "estack": "AssertionError: Timed out retrying after 4000ms: Expected to find element: `.footerlinks`, but never found it.\n    at Context.eval (webpack://cypressautomation/./e2e/CypressBySDET/Part13-MouseOperators.cy.js:84:11)",
                "diff": null
              },
              "uuid": "90436a0e-a971-4576-bef0-ff269ce5d828",
              "parentUUID": "023da5d8-2f77-4f9c-a456-7a1184b0f57a",
              "isHook": false,
              "skipped": false
            }
          ],
          "suites": [],
          "passes": [],
          "failures": [
            "90436a0e-a971-4576-bef0-ff269ce5d828"
          ],
          "pending": [],
          "skipped": [],
          "duration": 18747,
          "root": false,
          "rootEmpty": false,
          "_timeout": 2000
        }
      ],
      "passes": [],
      "failures": [],
      "pending": [],
      "skipped": [],
      "duration": 0,
      "root": true,
      "rootEmpty": true,
      "_timeout": 2000
    }
  ],
  "meta": {
    "mocha": {
      "version": "7.0.1"
    },
    "mochawesome": {
      "options": {
        "quiet": false,
        "reportFilename": "mochawesome",
        "saveHtml": false,
        "saveJson": true,
        "consoleReporter": "spec",
        "useInlineDiffs": false,
        "code": true
      },
      "version": "7.1.3"
    },
    "marge": {
      "options": {
        "overwrite": false,
        "html": false,
        "json": true,
        "reportDir": "cypress\\reports\\html\\.jsons"
      },
      "version": "6.2.0"
    }
  }
}