{
  "stats": {
    "suites": 1,
    "tests": 1,
    "passes": 0,
    "pending": 0,
    "failures": 1,
    "start": "2025-03-30T10:01:53.323Z",
    "end": "2025-03-30T10:01:58.553Z",
    "duration": 5230,
    "testsRegistered": 1,
    "passPercent": 0,
    "pendingPercent": 0,
    "other": 0,
    "hasOther": false,
    "skipped": 0,
    "hasSkipped": false
  },
  "results": [
    {
      "uuid": "ae494e9e-a60c-4ddd-971f-fdd6cb6e3d77",
      "title": "",
      "fullFile": "e2e\\CypressBySDET\\Part11-Frames.cy.js",
      "file": "e2e\\CypressBySDET\\Part11-Frames.cy.js",
      "beforeHooks": [],
      "afterHooks": [],
      "tests": [],
      "suites": [
        {
          "uuid": "91ed5bbe-4f18-4354-a085-114f70dceeb0",
          "title": "Handling I-Frames",
          "fullFile": "",
          "file": "",
          "beforeHooks": [],
          "afterHooks": [],
          "tests": [
            {
              "title": "approach 3 - by using cypess-iframe plugin ",
              "fullTitle": "Handling I-Frames approach 3 - by using cypess-iframe plugin ",
              "timedOut": null,
              "duration": 1766,
              "state": "failed",
              "speed": null,
              "pass": false,
              "fail": true,
              "pending": false,
              "context": null,
              "code": "cy.visit(\"https://demo.automationtesting.in/Frames.html\");\ncy.frameLoaded('#singleframe'); //frame loaded comes from iframe plugin and it's load the frame\ncy.iframe('#singleframe').clear().type(\"Welcome\"); //clear the frame and type the frame",
              "err": {
                "message": "ReferenceError: The following error originated from your application code, not from Cypress.\n\n  > angular is not defined\n\nWhen Cypress detects uncaught errors originating from your application it will automatically fail the current test.\n\nThis behavior is configurable, and you can choose to turn this off by listening to the `uncaught:exception` event.\n\nhttps://on.cypress.io/uncaught-exception-from-application",
                "estack": "ReferenceError: The following error originated from your application code, not from Cypress.\n\n  > angular is not defined\n\nWhen Cypress detects uncaught errors originating from your application it will automatically fail the current test.\n\nThis behavior is configurable, and you can choose to turn this off by listening to the `uncaught:exception` event.\n\nhttps://on.cypress.io/uncaught-exception-from-application\n    at <unknown> (https://demo.automationtesting.in/angcontroller.js:6:9)",
                "diff": null
              },
              "uuid": "ad80d8ac-206d-4725-a0b5-cf563c074e2c",
              "parentUUID": "91ed5bbe-4f18-4354-a085-114f70dceeb0",
              "isHook": false,
              "skipped": false
            }
          ],
          "suites": [],
          "passes": [],
          "failures": [
            "ad80d8ac-206d-4725-a0b5-cf563c074e2c"
          ],
          "pending": [],
          "skipped": [],
          "duration": 1766,
          "root": false,
          "rootEmpty": false,
          "_timeout": 2000
        }
      ],
      "passes": [],
      "failures": [],
      "pending": [],
      "skipped": [],
      "duration": 0,
      "root": true,
      "rootEmpty": true,
      "_timeout": 2000
    }
  ],
  "meta": {
    "mocha": {
      "version": "7.0.1"
    },
    "mochawesome": {
      "options": {
        "quiet": false,
        "reportFilename": "mochawesome",
        "saveHtml": false,
        "saveJson": true,
        "consoleReporter": "spec",
        "useInlineDiffs": false,
        "code": true
      },
      "version": "7.1.3"
    },
    "marge": {
      "options": {
        "overwrite": false,
        "html": false,
        "json": true,
        "reportDir": "cypress\\reports\\html\\.jsons"
      },
      "version": "6.2.0"
    }
  }
}